 KPT            1  SPIN            1  KWEIGHT    1.0000000000000000     
     1   -20.933  2.00000
     2   -18.743  2.00000
     3   -16.743  2.00000
     4   -16.380  2.00000
     5   -13.546  2.00000
     6   -13.454  2.00000
     7   -11.566  2.00000
     8   -11.452  2.00000
     9   -10.531  2.00000
    10    -9.668  2.00000
    11    -9.314  2.00000
    12    -9.277  2.00000
    13    -8.854  2.00000
    14    -7.971  2.00000
    15    -7.725  2.00000
    16    -7.414  2.00000
    17    -6.355  2.00000
    18    -5.402  2.00000
    19    -1.168  0.00000
    20    -0.563  0.00000
    21     2.703  0.00000
    22     8.351  0.00000
    23     9.117  0.00000
    24    10.430  0.00000
    25    11.673  0.00000
    26    12.907  0.00000
    27    13.581  0.00000
    28    15.500  0.00000
    29    17.895  0.00000
    30    18.236  0.00000
    31    19.667  0.00000
    32    21.277  0.00000
    33    21.938  0.00000
    34    25.579  0.00000
    35    28.416  0.00000

