 Fermi distribution function

Calculation with static geometry


********************************************************************************
 iSCC Total electronic   Diff electronic      SCC error    
   14   -0.15922279E+02    0.17763568E-14    0.66112005E-09
********************************************************************************

 Total charge:    -0.00000000

 Atomic gross charges (e)
 Atom           Charge
    1       0.07573573
    2      -0.12191754
    3      -0.04978777
    4       0.06205979
    5      -0.17467538
    6       0.06793059
    7       0.19550608
    8      -0.34276172
    9       0.18757932
   10       0.19223543
   11      -0.17782581
   12       0.06946872
   13      -0.04810871
   14       0.06456127

Nr. of electrons (up):     36.00000000
Atom populations (up)
 Atom       Population
    1       0.92426427
    2       4.12191754
    3       4.04978777
    4       0.93794021
    5       4.17467538
    6       0.93206941
    7       3.80449392
    8       5.34276172
    9       0.81242068
   10       0.80776457
   11       4.17782581
   12       0.93053128
   13       4.04810871
   14       0.93543873

l-shell populations (up)
 Atom Sh.   l       Population
    1   1   0       0.92426427
    2   1   0       1.21107273
    2   2   1       2.91084482
    3   1   0       1.21074727
    3   2   1       2.83904050
    4   1   0       0.93794021
    5   1   0       1.20577635
    5   2   1       2.96889903
    6   1   0       0.93206941
    7   1   0       1.11602639
    7   2   1       2.68846753
    8   1   0       1.38568717
    8   2   1       3.95707455
    9   1   0       0.81242068
   10   1   0       0.80776457
   11   1   0       1.21747119
   11   2   1       2.96035462
   12   1   0       0.93053128
   13   1   0       1.21268758
   13   2   1       2.83542113
   14   1   0       0.93543873

Orbital populations (up)
 Atom Sh.   l   m       Population  Label
    1   1   0   0       0.92426427  s
    2   1   0   0       1.21107273  s
    2   2   1  -1       0.92054633  p_y
    2   2   1   0       1.06222219  p_z
    2   2   1   1       0.92807630  p_x
    3   1   0   0       1.21074727  s
    3   2   1  -1       0.93085504  p_y
    3   2   1   0       0.98193924  p_z
    3   2   1   1       0.92624622  p_x
    4   1   0   0       0.93794021  s
    5   1   0   0       1.20577635  s
    5   2   1  -1       0.93288465  p_y
    5   2   1   0       1.10275201  p_z
    5   2   1   1       0.93326237  p_x
    6   1   0   0       0.93206941  s
    7   1   0   0       1.11602639  s
    7   2   1  -1       0.93135535  p_y
    7   2   1   0       0.92760207  p_z
    7   2   1   1       0.82951011  p_x
    8   1   0   0       1.38568717  s
    8   2   1  -1       1.10711262  p_y
    8   2   1   0       1.76468694  p_z
    8   2   1   1       1.08527499  p_x
    9   1   0   0       0.81242068  s
   10   1   0   0       0.80776457  s
   11   1   0   0       1.21747119  s
   11   2   1  -1       0.93704971  p_y
   11   2   1   0       1.09456359  p_z
   11   2   1   1       0.92874131  p_x
   12   1   0   0       0.93053128  s
   13   1   0   0       1.21268758  s
   13   2   1  -1       0.92923200  p_y
   13   2   1   0       0.98297167  p_z
   13   2   1   1       0.92321746  p_x
   14   1   0   0       0.93543873  s

Fermi level:                        -0.1207114683 H           -3.2847 eV
Band energy:                       -15.0912531958 H         -410.6539 eV
TS:                                  0.0000000000 H            0.0000 eV
Band free energy (E-TS):           -15.0912531958 H         -410.6539 eV
Extrapolated E(0K):                -15.0912531958 H         -410.6539 eV
Input / Output electrons (q):     36.0000000000     36.0000000000

Energy H0:                         -15.9312996492 H         -433.5127 eV
Energy SCC:                          0.0090210592 H            0.2455 eV
Total Electronic energy:           -15.9222785900 H         -433.2672 eV
Repulsive energy:                    0.6082443446 H           16.5512 eV
Dispersion energy:                  -0.0141276228 H           -0.3844 eV
Total energy:                      -15.3281618682 H         -417.1005 eV
Extrapolated to 0:                 -15.3281618682 H         -417.1005 eV
Total Mermin free energy:          -15.3281618682 H         -417.1005 eV
Force related energy:              -15.3281618682 H         -417.1005 eV

SCC converged

Total Forces
    1     -0.000808018715      0.005829286662     -0.003164245885
    2     -0.010136029491      0.003595515896      0.001037229656
    3      0.001238224604     -0.014151495665      0.004395779760
    4      0.004100953528      0.001945490084      0.001790407079
    5      0.025919961268     -0.034055701298     -0.015441010258
    6     -0.006518614186     -0.012396721808      0.000998044382
    7     -0.019316279579      0.016272265576      0.002692872068
    8     -0.000772347944     -0.015743322729     -0.009200941134
    9     -0.003103592098     -0.006486365167      0.002340200022
   10     -0.014728501681      0.024615333791      0.008255296945
   11      0.017975550416      0.020873283065      0.015371629918
   12      0.002616968801      0.004045451328     -0.011879051177
   13     -0.001376444984      0.003726596069      0.004896725118
   14      0.004908170061      0.001930384194     -0.002092936493

Maximal derivative component:        0.340557E-01 au

Dipole moment:   -0.73328446   -0.03664542    0.18163754 au
Dipole moment:   -1.86382334   -0.09314337    0.46167662 Debye


